# JRE version: OpenJDK Runtime Environment (8.0_151-b12) (build 1.8.0_151-8u151-b12-0ubuntu0.16.04.2-b12)
# Java VM: OpenJDK 64-Bit Server VM (25.151-b12 mixed mode linux-amd64 compressed oops)
Heap:
 PSYoungGen      total 30208K, used 20448K [0x00000000ee780000, 0x00000000f2900000, 0x0000000100000000)
  eden space 28160K, 71% used [0x00000000ee780000,0x00000000efb20178,0x00000000f0300000)
  from space 2048K, 17% used [0x00000000f0300000,0x00000000f0358000,0x00000000f0500000)
  to   space 6144K, 0% used [0x00000000f2300000,0x00000000f2300000,0x00000000f2900000)
 ParOldGen       total 24064K, used 5965K [0x00000000cb600000, 0x00000000ccd80000, 0x00000000ee780000)
  object space 24064K, 24% used [0x00000000cb600000,0x00000000cbbd37a0,0x00000000ccd80000)
 Metaspace       used 21296K, capacity 21636K, committed 22144K, reserved 1069056K
  class space    used 2452K, capacity 2568K, committed 2688K, reserved 1048576K
GC Heap History (10 events):
Event: 18,649 GC heap before
{Heap before GC invocations=2 (full 0):
 PSYoungGen      total 16384K, used 16260K [0x00000000ee780000, 0x00000000ef980000, 0x0000000100000000)
  eden space 14336K, 99% used [0x00000000ee780000,0x00000000ef5629e0,0x00000000ef580000)
  from space 2048K, 99% used [0x00000000ef580000,0x00000000ef77e840,0x00000000ef780000)
  to   space 2048K, 0% used [0x00000000ef780000,0x00000000ef780000,0x00000000ef980000)
 ParOldGen       total 36864K, used 1467K [0x00000000cb600000, 0x00000000cda00000, 0x00000000ee780000)
  object space 36864K, 3% used [0x00000000cb600000,0x00000000cb76ec20,0x00000000cda00000)
 Metaspace       used 20465K, capacity 20848K, committed 21248K, reserved 1069056K
  class space    used 2364K, capacity 2500K, committed 2560K, reserved 1048576K
Event: 18,681 GC heap after
Heap after GC invocations=2 (full 0):
 PSYoungGen      total 16384K, used 2040K [0x00000000ee780000, 0x00000000f0780000, 0x0000000100000000)
  eden space 14336K, 0% used [0x00000000ee780000,0x00000000ee780000,0x00000000ef580000)
  from space 2048K, 99% used [0x00000000ef780000,0x00000000ef97e020,0x00000000ef980000)
  to   space 2048K, 0% used [0x00000000ef580000,0x00000000ef580000,0x00000000ef780000)
 ParOldGen       total 36864K, used 4028K [0x00000000cb600000, 0x00000000cda00000, 0x00000000ee780000)
  object space 36864K, 10% used [0x00000000cb600000,0x00000000cb9ef308,0x00000000cda00000)
 Metaspace       used 20465K, capacity 20848K, committed 21248K, reserved 1069056K
  class space    used 2364K, capacity 2500K, committed 2560K, reserved 1048576K
}
Event: 18,737 GC heap before
{Heap before GC invocations=3 (full 0):
 PSYoungGen      total 16384K, used 4539K [0x00000000ee780000, 0x00000000f0780000, 0x0000000100000000)
  eden space 14336K, 17% used [0x00000000ee780000,0x00000000ee9f0c30,0x00000000ef580000)
  from space 2048K, 99% used [0x00000000ef780000,0x00000000ef97e020,0x00000000ef980000)
  to   space 2048K, 0% used [0x00000000ef580000,0x00000000ef580000,0x00000000ef780000)
 ParOldGen       total 36864K, used 4028K [0x00000000cb600000, 0x00000000cda00000, 0x00000000ee780000)
  object space 36864K, 10% used [0x00000000cb600000,0x00000000cb9ef308,0x00000000cda00000)
 Metaspace       used 20649K, capacity 20988K, committed 21248K, reserved 1069056K
  class space    used 2382K, capacity 2502K, committed 2560K, reserved 1048576K
Event: 18,762 GC heap after
Heap after GC invocations=3 (full 0):
 PSYoungGen      total 16384K, used 2032K [0x00000000ee780000, 0x00000000f0780000, 0x0000000100000000)
  eden space 14336K, 0% used [0x00000000ee780000,0x00000000ee780000,0x00000000ef580000)
  from space 2048K, 99% used [0x00000000ef580000,0x00000000ef77c010,0x00000000ef780000)
  to   space 2048K, 0% used [0x00000000f0580000,0x00000000f0580000,0x00000000f0780000)
 ParOldGen       total 36864K, used 4236K [0x00000000cb600000, 0x00000000cda00000, 0x00000000ee780000)
  object space 36864K, 11% used [0x00000000cb600000,0x00000000cba23318,0x00000000cda00000)
 Metaspace       used 20649K, capacity 20988K, committed 21248K, reserved 1069056K
  class space    used 2382K, capacity 2502K, committed 2560K, reserved 1048576K
}
Event: 18,762 GC heap before
{Heap before GC invocations=4 (full 1):
 PSYoungGen      total 16384K, used 2032K [0x00000000ee780000, 0x00000000f0780000, 0x0000000100000000)
  eden space 14336K, 0% used [0x00000000ee780000,0x00000000ee780000,0x00000000ef580000)
  from space 2048K, 99% used [0x00000000ef580000,0x00000000ef77c010,0x00000000ef780000)
  to   space 2048K, 0% used [0x00000000f0580000,0x00000000f0580000,0x00000000f0780000)
 ParOldGen       total 36864K, used 4236K [0x00000000cb600000, 0x00000000cda00000, 0x00000000ee780000)
  object space 36864K, 11% used [0x00000000cb600000,0x00000000cba23318,0x00000000cda00000)
 Metaspace       used 20649K, capacity 20988K, committed 21248K, reserved 1069056K
  class space    used 2382K, capacity 2502K, committed 2560K, reserved 1048576K
Event: 18,837 GC heap after
Heap after GC invocations=4 (full 1):
 PSYoungGen      total 16384K, used 0K [0x00000000ee780000, 0x00000000f0780000, 0x0000000100000000)
  eden space 14336K, 0% used [0x00000000ee780000,0x00000000ee780000,0x00000000ef580000)
  from space 2048K, 0% used [0x00000000ef580000,0x00000000ef580000,0x00000000ef780000)
  to   space 2048K, 0% used [0x00000000f0580000,0x00000000f0580000,0x00000000f0780000)
 ParOldGen       total 24064K, used 5949K [0x00000000cb600000, 0x00000000ccd80000, 0x00000000ee780000)
  object space 24064K, 24% used [0x00000000cb600000,0x00000000cbbcf7a0,0x00000000ccd80000)
 Metaspace       used 20649K, capacity 20988K, committed 21248K, reserved 1069056K
  class space    used 2382K, capacity 2502K, committed 2560K, reserved 1048576K
}
Event: 844,882 GC heap before
{Heap before GC invocations=5 (full 1):
 PSYoungGen      total 16384K, used 14336K [0x00000000ee780000, 0x00000000f0780000, 0x0000000100000000)
  eden space 14336K, 100% used [0x00000000ee780000,0x00000000ef580000,0x00000000ef580000)
  from space 2048K, 0% used [0x00000000ef580000,0x00000000ef580000,0x00000000ef780000)
  to   space 2048K, 0% used [0x00000000f0580000,0x00000000f0580000,0x00000000f0780000)
 ParOldGen       total 24064K, used 5949K [0x00000000cb600000, 0x00000000ccd80000, 0x00000000ee780000)
  object space 24064K, 24% used [0x00000000cb600000,0x00000000cbbcf7a0,0x00000000ccd80000)
 Metaspace       used 21257K, capacity 21636K, committed 22144K, reserved 1069056K
  class space    used 2451K, capacity 2568K, committed 2688K, reserved 1048576K
Event: 844,889 GC heap after
Heap after GC invocations=5 (full 1):
 PSYoungGen      total 29696K, used 705K [0x00000000ee780000, 0x00000000f0700000, 0x0000000100000000)
  eden space 28160K, 0% used [0x00000000ee780000,0x00000000ee780000,0x00000000f0300000)
  from space 1536K, 45% used [0x00000000f0580000,0x00000000f0630460,0x00000000f0700000)
  to   space 2048K, 0% used [0x00000000f0300000,0x00000000f0300000,0x00000000f0500000)
 ParOldGen       total 24064K, used 5957K [0x00000000cb600000, 0x00000000ccd80000, 0x00000000ee780000)
  object space 24064K, 24% used [0x00000000cb600000,0x00000000cbbd17a0,0x00000000ccd80000)
 Metaspace       used 21257K, capacity 21636K, committed 22144K, reserved 1069056K
  class space    used 2451K, capacity 2568K, committed 2688K, reserved 1048576K
}
Event: 2791,833 GC heap before
{Heap before GC invocations=6 (full 1):
 PSYoungGen      total 29696K, used 28865K [0x00000000ee780000, 0x00000000f0700000, 0x0000000100000000)
  eden space 28160K, 100% used [0x00000000ee780000,0x00000000f0300000,0x00000000f0300000)
  from space 1536K, 45% used [0x00000000f0580000,0x00000000f0630460,0x00000000f0700000)
  to   space 2048K, 0% used [0x00000000f0300000,0x00000000f0300000,0x00000000f0500000)
 ParOldGen       total 24064K, used 5957K [0x00000000cb600000, 0x00000000ccd80000, 0x00000000ee780000)
  object space 24064K, 24% used [0x00000000cb600000,0x00000000cbbd17a0,0x00000000ccd80000)
 Metaspace       used 21266K, capacity 21636K, committed 22144K, reserved 1069056K
  class space    used 2451K, capacity 2568K, committed 2688K, reserved 1048576K
Event: 2791,836 GC heap after
Heap after GC invocations=6 (full 1):
 PSYoungGen      total 30208K, used 352K [0x00000000ee780000, 0x00000000f2900000, 0x0000000100000000)
  eden space 28160K, 0% used [0x00000000ee780000,0x00000000ee780000,0x00000000f0300000)
  from space 2048K, 17% used [0x00000000f0300000,0x00000000f0358000,0x00000000f0500000)
  to   space 6144K, 0% used [0x00000000f2300000,0x00000000f2300000,0x00000000f2900000)
 ParOldGen       total 24064K, used 5965K [0x00000000cb600000, 0x00000000ccd80000, 0x00000000ee780000)
  object space 24064K, 24% used [0x00000000cb600000,0x00000000cbbd37a0,0x00000000ccd80000)
 Metaspace       used 21266K, capacity 21636K, committed 22144K, reserved 1069056K
  class space    used 2451K, capacity 2568K, committed 2688K, reserved 1048576K
}

